c:\users\cs18018\documents\mygame\mygame\mygame\x64\debug\vc141.pdb
c:\users\cs18018\documents\mygame\mygame\mygame\x64\debug\vc141.idb
c:\users\cs18018\documents\mygame\mygame\mygame\x64\debug\texture.obj
c:\users\cs18018\documents\mygame\mygame\mygame\x64\debug\test.obj
c:\users\cs18018\documents\mygame\mygame\mygame\x64\debug\sprite.obj
c:\users\cs18018\documents\mygame\mygame\mygame\x64\debug\direct3d.obj
c:\users\cs18018\documents\mygame\mygame\mygame\x64\debug\directxtext.obj
c:\users\cs18018\documents\mygame\mygame\mygame\x64\debug\controller.obj
c:\users\cs18018\documents\mygame\mygame\mygame\x64\debug\view.obj
c:\users\cs18018\documents\mygame\mygame\mygame\x64\debug\model.obj
c:\users\cs18018\documents\mygame\mygame\x64\debug\mygame.exe
c:\users\cs18018\documents\mygame\mygame\x64\debug\mygame.ilk
c:\users\cs18018\documents\mygame\mygame\x64\debug\mygame.pdb
c:\users\cs18018\documents\mygame\mygame\mygame\x64\debug\source.obj
c:\users\cs18018\documents\mygame\mygame\mygame\x64\debug\mygame.tlog\cl.command.1.tlog
c:\users\cs18018\documents\mygame\mygame\mygame\x64\debug\mygame.tlog\cl.read.1.tlog
c:\users\cs18018\documents\mygame\mygame\mygame\x64\debug\mygame.tlog\cl.write.1.tlog
c:\users\cs18018\documents\mygame\mygame\mygame\x64\debug\mygame.tlog\link.command.1.tlog
c:\users\cs18018\documents\mygame\mygame\mygame\x64\debug\mygame.tlog\link.read.1.tlog
c:\users\cs18018\documents\mygame\mygame\mygame\x64\debug\mygame.tlog\link.write.1.tlog
